<?xml version="1.0" encoding="UTF-8"?>
<!-- Generated by org.testng.reporters.JUnitReportReporter -->
<testsuite skipped="0" hostname="DESKTOP-NEQQNR3" name="com.dataProvider.DataProvider" tests="3" failures="0" timestamp="10 Jan 2022 16:17:27 GMT" time="30.676" errors="0">
  <testcase name="login" time="10.251" classname="com.dataProvider.DataProvider"/>
  <testcase name="login" time="10.136" classname="com.dataProvider.DataProvider"/>
  <testcase name="login" time="10.289" classname="com.dataProvider.DataProvider"/>
</testsuite> <!-- com.dataProvider.DataProvider -->
